<?xml version="1.0" encoding="UTF-8"?>
<!-- Generated by org.testng.reporters.JUnitReportReporter -->
<testsuite hostname="localhosts" failures="0" tests="1" name="Campaign.CreateCampaignTest" time="33.849" errors="0" timestamp="2024-07-12T21:43:39 IST" skipped="0">
  <testcase classname="Campaign.CreateCampaignTest" name="CreateCampaignTest" time="33.849"/>
  <system-out/>
</testsuite> <!-- Campaign.CreateCampaignTest -->
